2026-03-29 08:57:28 INFO  [main] BaseClass - Browser going to start
2026-03-29 09:02:42 INFO  [main] BaseClass - Browser going to start
2026-03-29 09:02:48 INFO  [main] BaseClass - Chrome browser started successfully
2026-03-29 09:02:48 INFO  [main] BaseClass - Browser maximized
2026-03-29 09:02:53 INFO  [main] BaseClass - URL hit successfully
2026-03-29 09:02:54 INFO  [main] BaseClass - Login link clicked
2026-03-29 09:02:54 INFO  [main] BaseClass - Navigated to login page
2026-03-29 09:02:55 INFO  [main] BaseClass - Login button clicked
2026-03-29 09:02:56 INFO  [main] BaseClass - Login successfully
2026-03-29 09:02:57 INFO  [main] BaseClass - Hitting checkout URL
2026-03-29 09:02:58 INFO  [main] BaseClass - User navigated to checkout page
2026-03-29 09:02:59 INFO  [main] BaseClass - Browser quit successfully
2026-03-29 09:03:22 INFO  [main] BaseClass - Browser going to start
2026-03-29 09:03:28 INFO  [main] BaseClass - Chrome browser started successfully
2026-03-29 09:03:28 INFO  [main] BaseClass - Browser maximized
2026-03-29 09:03:31 INFO  [main] BaseClass - URL hit successfully
2026-03-29 09:03:32 INFO  [main] BaseClass - Login link clicked
2026-03-29 09:03:32 INFO  [main] BaseClass - Navigated to login page
2026-03-29 09:03:34 INFO  [main] BaseClass - Login button clicked
2026-03-29 09:03:34 INFO  [main] BaseClass - Login successfully
2026-03-29 09:03:36 INFO  [main] BaseClass - Hitting checkout URL
2026-03-29 09:03:36 INFO  [main] BaseClass - User navigated to checkout page
2026-03-29 09:03:37 INFO  [main] BaseClass - Browser quit successfully
2026-03-29 09:10:48 INFO  [main] BaseClass - Browser going to start
2026-03-29 09:10:58 INFO  [main] BaseClass - Chrome browser started successfully
2026-03-29 09:10:58 INFO  [main] BaseClass - Browser maximized
2026-03-29 09:11:07 INFO  [main] BaseClass - URL hit successfully
2026-03-29 09:11:08 INFO  [main] BaseClass - Login link clicked
2026-03-29 09:11:08 INFO  [main] BaseClass - Navigated to login page
2026-03-29 09:11:10 INFO  [main] BaseClass - Login button clicked
2026-03-29 09:11:10 INFO  [main] BaseClass - Login successfully
2026-03-29 09:11:12 INFO  [main] BaseClass - Hitting checkout URL
2026-03-29 09:11:12 INFO  [main] BaseClass - User navigated to checkout page
2026-03-29 09:11:13 DEBUG [main] InternalWorkbook - Workbook (readfile) created with reclen=432
2026-03-29 09:11:13 DEBUG [main] InternalWorkbook - exit create workbook from existing file function
2026-03-29 09:11:13 DEBUG [main] HSSFWorkbook - convertLabelRecords called
2026-03-29 09:11:13 DEBUG [main] HSSFWorkbook - convertLabelRecords exit
2026-03-29 09:11:13 DEBUG [main] InternalSheet - sheet createSheet (existing file) exited
2026-03-29 09:11:13 DEBUG [main] HSSFSheet - Time at start of cell creating in HSSF sheet = 1774755673569
2026-03-29 09:11:13 DEBUG [main] HSSFSheet - total sheet cell creation took 14ms
2026-03-29 09:11:13 DEBUG [main] InternalSheet - sheet createSheet (existing file) exited
2026-03-29 09:11:13 DEBUG [main] HSSFSheet - Time at start of cell creating in HSSF sheet = 1774755673586
2026-03-29 09:11:13 DEBUG [main] HSSFSheet - total sheet cell creation took 3ms
2026-03-29 09:11:13 DEBUG [main] InternalSheet - sheet createSheet (existing file) exited
2026-03-29 09:11:13 DEBUG [main] HSSFSheet - Time at start of cell creating in HSSF sheet = 1774755673597
2026-03-29 09:11:13 DEBUG [main] HSSFSheet - total sheet cell creation took 1ms
2026-03-29 09:11:13 DEBUG [main] InternalWorkbook - Workbook (readfile) created with reclen=432
2026-03-29 09:11:13 DEBUG [main] InternalWorkbook - exit create workbook from existing file function
2026-03-29 09:11:13 DEBUG [main] HSSFWorkbook - convertLabelRecords called
2026-03-29 09:11:13 DEBUG [main] HSSFWorkbook - convertLabelRecords exit
2026-03-29 09:11:13 DEBUG [main] InternalSheet - sheet createSheet (existing file) exited
2026-03-29 09:11:13 DEBUG [main] HSSFSheet - Time at start of cell creating in HSSF sheet = 1774755673627
2026-03-29 09:11:13 DEBUG [main] HSSFSheet - total sheet cell creation took 1ms
2026-03-29 09:11:13 DEBUG [main] InternalSheet - sheet createSheet (existing file) exited
2026-03-29 09:11:13 DEBUG [main] HSSFSheet - Time at start of cell creating in HSSF sheet = 1774755673629
2026-03-29 09:11:13 DEBUG [main] HSSFSheet - total sheet cell creation took 1ms
2026-03-29 09:11:13 DEBUG [main] InternalSheet - sheet createSheet (existing file) exited
2026-03-29 09:11:13 DEBUG [main] HSSFSheet - Time at start of cell creating in HSSF sheet = 1774755673631
2026-03-29 09:11:13 DEBUG [main] HSSFSheet - total sheet cell creation took 0ms
2026-03-29 09:11:13 DEBUG [main] InternalWorkbook - Workbook (readfile) created with reclen=432
2026-03-29 09:11:13 DEBUG [main] InternalWorkbook - exit create workbook from existing file function
2026-03-29 09:11:13 DEBUG [main] HSSFWorkbook - convertLabelRecords called
2026-03-29 09:11:13 DEBUG [main] HSSFWorkbook - convertLabelRecords exit
2026-03-29 09:11:13 DEBUG [main] InternalSheet - sheet createSheet (existing file) exited
2026-03-29 09:11:13 DEBUG [main] HSSFSheet - Time at start of cell creating in HSSF sheet = 1774755673640
2026-03-29 09:11:13 DEBUG [main] HSSFSheet - total sheet cell creation took 1ms
2026-03-29 09:11:13 DEBUG [main] InternalSheet - sheet createSheet (existing file) exited
2026-03-29 09:11:13 DEBUG [main] HSSFSheet - Time at start of cell creating in HSSF sheet = 1774755673642
2026-03-29 09:11:13 DEBUG [main] HSSFSheet - total sheet cell creation took 0ms
2026-03-29 09:11:13 DEBUG [main] InternalSheet - sheet createSheet (existing file) exited
2026-03-29 09:11:13 DEBUG [main] HSSFSheet - Time at start of cell creating in HSSF sheet = 1774755673643
2026-03-29 09:11:13 DEBUG [main] HSSFSheet - total sheet cell creation took 1ms
2026-03-29 09:11:13 DEBUG [main] InternalWorkbook - Workbook (readfile) created with reclen=432
2026-03-29 09:11:13 DEBUG [main] InternalWorkbook - exit create workbook from existing file function
2026-03-29 09:11:13 DEBUG [main] HSSFWorkbook - convertLabelRecords called
2026-03-29 09:11:13 DEBUG [main] HSSFWorkbook - convertLabelRecords exit
2026-03-29 09:11:13 DEBUG [main] InternalSheet - sheet createSheet (existing file) exited
2026-03-29 09:11:13 DEBUG [main] HSSFSheet - Time at start of cell creating in HSSF sheet = 1774755673651
2026-03-29 09:11:13 DEBUG [main] HSSFSheet - total sheet cell creation took 1ms
2026-03-29 09:11:13 DEBUG [main] InternalSheet - sheet createSheet (existing file) exited
2026-03-29 09:11:13 DEBUG [main] HSSFSheet - Time at start of cell creating in HSSF sheet = 1774755673653
2026-03-29 09:11:13 DEBUG [main] HSSFSheet - total sheet cell creation took 0ms
2026-03-29 09:11:13 DEBUG [main] InternalSheet - sheet createSheet (existing file) exited
2026-03-29 09:11:13 DEBUG [main] HSSFSheet - Time at start of cell creating in HSSF sheet = 1774755673663
2026-03-29 09:11:13 DEBUG [main] HSSFSheet - total sheet cell creation took 0ms
2026-03-29 09:11:13 DEBUG [main] InternalWorkbook - Workbook (readfile) created with reclen=432
2026-03-29 09:11:13 DEBUG [main] InternalWorkbook - exit create workbook from existing file function
2026-03-29 09:11:13 DEBUG [main] HSSFWorkbook - convertLabelRecords called
2026-03-29 09:11:13 DEBUG [main] HSSFWorkbook - convertLabelRecords exit
2026-03-29 09:11:13 DEBUG [main] InternalSheet - sheet createSheet (existing file) exited
2026-03-29 09:11:13 DEBUG [main] HSSFSheet - Time at start of cell creating in HSSF sheet = 1774755673676
2026-03-29 09:11:13 DEBUG [main] HSSFSheet - total sheet cell creation took 1ms
2026-03-29 09:11:13 DEBUG [main] InternalSheet - sheet createSheet (existing file) exited
2026-03-29 09:11:13 DEBUG [main] HSSFSheet - Time at start of cell creating in HSSF sheet = 1774755673678
2026-03-29 09:11:13 DEBUG [main] HSSFSheet - total sheet cell creation took 0ms
2026-03-29 09:11:13 DEBUG [main] InternalSheet - sheet createSheet (existing file) exited
2026-03-29 09:11:13 DEBUG [main] HSSFSheet - Time at start of cell creating in HSSF sheet = 1774755673687
2026-03-29 09:11:13 DEBUG [main] HSSFSheet - total sheet cell creation took 0ms
2026-03-29 09:11:13 DEBUG [main] InternalWorkbook - Workbook (readfile) created with reclen=432
2026-03-29 09:11:13 DEBUG [main] InternalWorkbook - exit create workbook from existing file function
2026-03-29 09:11:13 DEBUG [main] HSSFWorkbook - convertLabelRecords called
2026-03-29 09:11:13 DEBUG [main] HSSFWorkbook - convertLabelRecords exit
2026-03-29 09:11:13 DEBUG [main] InternalSheet - sheet createSheet (existing file) exited
2026-03-29 09:11:13 DEBUG [main] HSSFSheet - Time at start of cell creating in HSSF sheet = 1774755673705
2026-03-29 09:11:13 DEBUG [main] HSSFSheet - total sheet cell creation took 2ms
2026-03-29 09:11:13 DEBUG [main] InternalSheet - sheet createSheet (existing file) exited
2026-03-29 09:11:13 DEBUG [main] HSSFSheet - Time at start of cell creating in HSSF sheet = 1774755673708
2026-03-29 09:11:13 DEBUG [main] HSSFSheet - total sheet cell creation took 1ms
2026-03-29 09:11:13 DEBUG [main] InternalSheet - sheet createSheet (existing file) exited
2026-03-29 09:11:13 DEBUG [main] HSSFSheet - Time at start of cell creating in HSSF sheet = 1774755673718
2026-03-29 09:11:13 DEBUG [main] HSSFSheet - total sheet cell creation took 1ms
2026-03-29 09:11:13 DEBUG [main] InternalWorkbook - Workbook (readfile) created with reclen=432
2026-03-29 09:11:13 DEBUG [main] InternalWorkbook - exit create workbook from existing file function
2026-03-29 09:11:13 DEBUG [main] HSSFWorkbook - convertLabelRecords called
2026-03-29 09:11:13 DEBUG [main] HSSFWorkbook - convertLabelRecords exit
2026-03-29 09:11:13 DEBUG [main] InternalSheet - sheet createSheet (existing file) exited
2026-03-29 09:11:13 DEBUG [main] HSSFSheet - Time at start of cell creating in HSSF sheet = 1774755673738
2026-03-29 09:11:13 DEBUG [main] HSSFSheet - total sheet cell creation took 1ms
2026-03-29 09:11:13 DEBUG [main] InternalSheet - sheet createSheet (existing file) exited
2026-03-29 09:11:13 DEBUG [main] HSSFSheet - Time at start of cell creating in HSSF sheet = 1774755673740
2026-03-29 09:11:13 DEBUG [main] HSSFSheet - total sheet cell creation took 1ms
2026-03-29 09:11:13 DEBUG [main] InternalSheet - sheet createSheet (existing file) exited
2026-03-29 09:11:13 DEBUG [main] HSSFSheet - Time at start of cell creating in HSSF sheet = 1774755673742
2026-03-29 09:11:13 DEBUG [main] HSSFSheet - total sheet cell creation took 0ms
2026-03-29 09:11:13 DEBUG [main] InternalWorkbook - Workbook (readfile) created with reclen=432
2026-03-29 09:11:13 DEBUG [main] InternalWorkbook - exit create workbook from existing file function
2026-03-29 09:11:13 DEBUG [main] HSSFWorkbook - convertLabelRecords called
2026-03-29 09:11:13 DEBUG [main] HSSFWorkbook - convertLabelRecords exit
2026-03-29 09:11:13 DEBUG [main] InternalSheet - sheet createSheet (existing file) exited
2026-03-29 09:11:13 DEBUG [main] HSSFSheet - Time at start of cell creating in HSSF sheet = 1774755673765
2026-03-29 09:11:13 DEBUG [main] HSSFSheet - total sheet cell creation took 2ms
2026-03-29 09:11:13 DEBUG [main] InternalSheet - sheet createSheet (existing file) exited
2026-03-29 09:11:13 DEBUG [main] HSSFSheet - Time at start of cell creating in HSSF sheet = 1774755673772
2026-03-29 09:11:13 DEBUG [main] HSSFSheet - total sheet cell creation took 0ms
2026-03-29 09:11:13 DEBUG [main] InternalSheet - sheet createSheet (existing file) exited
2026-03-29 09:11:13 DEBUG [main] HSSFSheet - Time at start of cell creating in HSSF sheet = 1774755673775
2026-03-29 09:11:13 DEBUG [main] HSSFSheet - total sheet cell creation took 2ms
2026-03-29 09:11:13 DEBUG [main] InternalWorkbook - Workbook (readfile) created with reclen=432
2026-03-29 09:11:13 DEBUG [main] InternalWorkbook - exit create workbook from existing file function
2026-03-29 09:11:13 DEBUG [main] HSSFWorkbook - convertLabelRecords called
2026-03-29 09:11:13 DEBUG [main] HSSFWorkbook - convertLabelRecords exit
2026-03-29 09:11:13 DEBUG [main] InternalSheet - sheet createSheet (existing file) exited
2026-03-29 09:11:13 DEBUG [main] HSSFSheet - Time at start of cell creating in HSSF sheet = 1774755673786
2026-03-29 09:11:13 DEBUG [main] HSSFSheet - total sheet cell creation took 5ms
2026-03-29 09:11:13 DEBUG [main] InternalSheet - sheet createSheet (existing file) exited
2026-03-29 09:11:13 DEBUG [main] HSSFSheet - Time at start of cell creating in HSSF sheet = 1774755673792
2026-03-29 09:11:13 DEBUG [main] HSSFSheet - total sheet cell creation took 0ms
2026-03-29 09:11:13 DEBUG [main] InternalSheet - sheet createSheet (existing file) exited
2026-03-29 09:11:13 DEBUG [main] HSSFSheet - Time at start of cell creating in HSSF sheet = 1774755673793
2026-03-29 09:11:13 DEBUG [main] HSSFSheet - total sheet cell creation took 2ms
2026-03-29 09:11:13 DEBUG [main] InternalWorkbook - Workbook (readfile) created with reclen=432
2026-03-29 09:11:13 DEBUG [main] InternalWorkbook - exit create workbook from existing file function
2026-03-29 09:11:13 DEBUG [main] HSSFWorkbook - convertLabelRecords called
2026-03-29 09:11:13 DEBUG [main] HSSFWorkbook - convertLabelRecords exit
2026-03-29 09:11:13 DEBUG [main] InternalSheet - sheet createSheet (existing file) exited
2026-03-29 09:11:13 DEBUG [main] HSSFSheet - Time at start of cell creating in HSSF sheet = 1774755673841
2026-03-29 09:11:13 DEBUG [main] HSSFSheet - total sheet cell creation took 1ms
2026-03-29 09:11:13 DEBUG [main] InternalSheet - sheet createSheet (existing file) exited
2026-03-29 09:11:13 DEBUG [main] HSSFSheet - Time at start of cell creating in HSSF sheet = 1774755673845
2026-03-29 09:11:13 DEBUG [main] HSSFSheet - total sheet cell creation took 1ms
2026-03-29 09:11:13 DEBUG [main] InternalSheet - sheet createSheet (existing file) exited
2026-03-29 09:11:13 DEBUG [main] HSSFSheet - Time at start of cell creating in HSSF sheet = 1774755673849
2026-03-29 09:11:13 DEBUG [main] HSSFSheet - total sheet cell creation took 1ms
2026-03-29 09:11:13 DEBUG [main] InternalWorkbook - Workbook (readfile) created with reclen=432
2026-03-29 09:11:13 DEBUG [main] InternalWorkbook - exit create workbook from existing file function
2026-03-29 09:11:13 DEBUG [main] HSSFWorkbook - convertLabelRecords called
2026-03-29 09:11:13 DEBUG [main] HSSFWorkbook - convertLabelRecords exit
2026-03-29 09:11:13 DEBUG [main] InternalSheet - sheet createSheet (existing file) exited
2026-03-29 09:11:13 DEBUG [main] HSSFSheet - Time at start of cell creating in HSSF sheet = 1774755673864
2026-03-29 09:11:13 DEBUG [main] HSSFSheet - total sheet cell creation took 1ms
2026-03-29 09:11:13 DEBUG [main] InternalSheet - sheet createSheet (existing file) exited
2026-03-29 09:11:13 DEBUG [main] HSSFSheet - Time at start of cell creating in HSSF sheet = 1774755673866
2026-03-29 09:11:13 DEBUG [main] HSSFSheet - total sheet cell creation took 0ms
2026-03-29 09:11:13 DEBUG [main] InternalSheet - sheet createSheet (existing file) exited
2026-03-29 09:11:13 DEBUG [main] HSSFSheet - Time at start of cell creating in HSSF sheet = 1774755673867
2026-03-29 09:11:13 DEBUG [main] HSSFSheet - total sheet cell creation took 0ms
2026-03-29 09:11:13 DEBUG [main] InternalWorkbook - Workbook (readfile) created with reclen=432
2026-03-29 09:11:13 DEBUG [main] InternalWorkbook - exit create workbook from existing file function
2026-03-29 09:11:13 DEBUG [main] HSSFWorkbook - convertLabelRecords called
2026-03-29 09:11:13 DEBUG [main] HSSFWorkbook - convertLabelRecords exit
2026-03-29 09:11:13 DEBUG [main] InternalSheet - sheet createSheet (existing file) exited
2026-03-29 09:11:13 DEBUG [main] HSSFSheet - Time at start of cell creating in HSSF sheet = 1774755673971
2026-03-29 09:11:13 DEBUG [main] HSSFSheet - total sheet cell creation took 2ms
2026-03-29 09:11:13 DEBUG [main] InternalSheet - sheet createSheet (existing file) exited
2026-03-29 09:11:13 DEBUG [main] HSSFSheet - Time at start of cell creating in HSSF sheet = 1774755673975
2026-03-29 09:11:13 DEBUG [main] HSSFSheet - total sheet cell creation took 1ms
2026-03-29 09:11:13 DEBUG [main] InternalSheet - sheet createSheet (existing file) exited
2026-03-29 09:11:13 DEBUG [main] HSSFSheet - Time at start of cell creating in HSSF sheet = 1774755673977
2026-03-29 09:11:13 DEBUG [main] HSSFSheet - total sheet cell creation took 0ms
2026-03-29 09:11:13 DEBUG [main] InternalWorkbook - Workbook (readfile) created with reclen=432
2026-03-29 09:11:13 DEBUG [main] InternalWorkbook - exit create workbook from existing file function
2026-03-29 09:11:13 DEBUG [main] HSSFWorkbook - convertLabelRecords called
2026-03-29 09:11:13 DEBUG [main] HSSFWorkbook - convertLabelRecords exit
2026-03-29 09:11:13 DEBUG [main] InternalSheet - sheet createSheet (existing file) exited
2026-03-29 09:11:13 DEBUG [main] HSSFSheet - Time at start of cell creating in HSSF sheet = 1774755673988
2026-03-29 09:11:13 DEBUG [main] HSSFSheet - total sheet cell creation took 0ms
2026-03-29 09:11:13 DEBUG [main] InternalSheet - sheet createSheet (existing file) exited
2026-03-29 09:11:13 DEBUG [main] HSSFSheet - Time at start of cell creating in HSSF sheet = 1774755673989
2026-03-29 09:11:13 DEBUG [main] HSSFSheet - total sheet cell creation took 0ms
2026-03-29 09:11:13 DEBUG [main] InternalSheet - sheet createSheet (existing file) exited
2026-03-29 09:11:13 DEBUG [main] HSSFSheet - Time at start of cell creating in HSSF sheet = 1774755673990
2026-03-29 09:11:13 DEBUG [main] HSSFSheet - total sheet cell creation took 0ms
2026-03-29 09:11:14 INFO  [main] BaseClass - Firstname already fetched
2026-03-29 09:11:14 INFO  [main] BaseClass - Lastname already fetched
2026-03-29 09:11:14 INFO  [main] BaseClass - Email already fetched
2026-03-29 09:11:14 INFO  [main] BaseClass - Company entered
2026-03-29 09:11:15 INFO  [main] BaseClass - Country entered
2026-03-29 09:11:16 INFO  [main] BaseClass - State entered
2026-03-29 09:11:16 INFO  [main] BaseClass - City entered
2026-03-29 09:11:16 INFO  [main] BaseClass - Address1 entered
2026-03-29 09:11:16 INFO  [main] BaseClass - Address2 entered
2026-03-29 09:11:17 INFO  [main] BaseClass - Zipcode entered
2026-03-29 09:11:17 INFO  [main] BaseClass - Phone no entered
2026-03-29 09:11:17 INFO  [main] BaseClass - Fax no entered
2026-03-29 09:11:18 INFO  [main] BaseClass - Billing address completed
2026-03-29 09:11:18 INFO  [main] BaseClass - Selecting shipping address
2026-03-29 09:11:20 INFO  [main] BaseClass - Shipping address completed
2026-03-29 09:11:20 INFO  [main] BaseClass - Selecting shipping method
2026-03-29 09:11:21 INFO  [main] BaseClass - Shipping method completed
2026-03-29 09:11:21 INFO  [main] BaseClass - Selecting payment method
2026-03-29 09:11:22 INFO  [main] BaseClass - Payment method completed
2026-03-29 09:11:22 INFO  [main] BaseClass - Getting payment information details
2026-03-29 09:11:22 INFO  [main] BaseClass - Cash payment information successfully
2026-03-29 09:11:23 INFO  [main] BaseClass - Payment information completed
2026-03-29 09:11:23 INFO  [main] BaseClass - Verfying billing and shipping address
2026-03-29 09:11:25 INFO  [main] BaseClass - Billing address captured
2026-03-29 09:11:26 INFO  [main] BaseClass - Shipping address captured
2026-03-29 09:11:27 INFO  [main] BaseClass - Verified the product total and total price
2026-03-29 09:11:27 INFO  [main] BaseClass - Confirm order completed
2026-03-29 09:11:29 INFO  [main] BaseClass - Ordered success
2026-03-29 09:11:30 INFO  [main] BaseClass - User clicked continue button after ordered
2026-03-29 09:11:31 INFO  [main] BaseClass - Browser quit successfully
